# JRE version: OpenJDK Runtime Environment (21.0.8) (build 21.0.8+-14018985-b1038.68)
# Java VM: OpenJDK 64-Bit Server VM (21.0.8+-14018985-b1038.68, mixed mode, tiered, compressed oops, compressed class ptrs, g1 gc, windows-amd64)
GC Precious Log:
 CardTable entry size: 512
 Card Set container configuration: InlinePtr #cards 5 size 8 Array Of Cards #cards 12 size 40 Howl #buckets 4 coarsen threshold 1843 Howl Bitmap #cards 512 size 80 coarsen threshold 460 Card regions per heap region 1 cards per card region 2048
 CPUs: 8 total, 8 available
 Memory: 7975M
 Large Page Support: Disabled
 NUMA Support: Disabled
 Compressed Oops: Enabled (32-bit)
 Heap Region Size: 1M
 Heap Min Capacity: 8M
 Heap Initial Capacity: 126M
 Heap Max Capacity: 2G
 Pre-touch: Disabled
 Parallel Workers: 8
 Concurrent Workers: 2
 Concurrent Refinement Workers: 8
 Periodic GC: Disabled
Heap:
 garbage-first heap   total 227328K, used 141621K [0x0000000080000000, 0x0000000100000000)
  region size 1024K, 15 young (15360K), 7 survivors (7168K)
 Metaspace       used 97468K, committed 99328K, reserved 1179648K
  class space    used 13468K, committed 14336K, reserved 1048576K
GC Heap History (20 events):
Event: 13.761 GC heap before
{Heap before GC invocations=29 (full 0):
 garbage-first heap   total 162816K, used 142581K [0x0000000080000000, 0x0000000100000000)
  region size 1024K, 49 young (50176K), 5 survivors (5120K)
 Metaspace       used 69065K, committed 70720K, reserved 1114112K
  class space    used 9676K, committed 10496K, reserved 1048576K
}
Event: 13.766 GC heap after
{Heap after GC invocations=30 (full 0):
 garbage-first heap   total 162816K, used 100335K [0x0000000080000000, 0x0000000100000000)
  region size 1024K, 6 young (6144K), 6 survivors (6144K)
 Metaspace       used 69065K, committed 70720K, reserved 1114112K
  class space    used 9676K, committed 10496K, reserved 1048576K
}
Event: 14.365 GC heap before
{Heap before GC invocations=30 (full 0):
 garbage-first heap   total 162816K, used 146415K [0x0000000080000000, 0x0000000100000000)
  region size 1024K, 51 young (52224K), 6 survivors (6144K)
 Metaspace       used 74482K, committed 76288K, reserved 1114112K
  class space    used 10543K, committed 11392K, reserved 1048576K
}
Event: 14.370 GC heap after
{Heap after GC invocations=31 (full 0):
 garbage-first heap   total 162816K, used 102658K [0x0000000080000000, 0x0000000100000000)
  region size 1024K, 3 young (3072K), 3 survivors (3072K)
 Metaspace       used 74482K, committed 76288K, reserved 1114112K
  class space    used 10543K, committed 11392K, reserved 1048576K
}
Event: 15.529 GC heap before
{Heap before GC invocations=31 (full 0):
 garbage-first heap   total 162816K, used 148738K [0x0000000080000000, 0x0000000100000000)
  region size 1024K, 49 young (50176K), 3 survivors (3072K)
 Metaspace       used 82890K, committed 84672K, reserved 1179648K
  class space    used 11692K, committed 12544K, reserved 1048576K
}
Event: 15.533 GC heap after
{Heap after GC invocations=32 (full 0):
 garbage-first heap   total 162816K, used 107442K [0x0000000080000000, 0x0000000100000000)
  region size 1024K, 7 young (7168K), 7 survivors (7168K)
 Metaspace       used 82890K, committed 84672K, reserved 1179648K
  class space    used 11692K, committed 12544K, reserved 1048576K
}
Event: 16.057 GC heap before
{Heap before GC invocations=33 (full 0):
 garbage-first heap   total 179200K, used 144306K [0x0000000080000000, 0x0000000100000000)
  region size 1024K, 44 young (45056K), 7 survivors (7168K)
 Metaspace       used 83474K, committed 85248K, reserved 1179648K
  class space    used 11713K, committed 12544K, reserved 1048576K
}
Event: 16.062 GC heap after
{Heap after GC invocations=34 (full 0):
 garbage-first heap   total 179200K, used 110343K [0x0000000080000000, 0x0000000100000000)
  region size 1024K, 3 young (3072K), 3 survivors (3072K)
 Metaspace       used 83474K, committed 85248K, reserved 1179648K
  class space    used 11713K, committed 12544K, reserved 1048576K
}
Event: 16.385 GC heap before
{Heap before GC invocations=34 (full 0):
 garbage-first heap   total 179200K, used 164615K [0x0000000080000000, 0x0000000100000000)
  region size 1024K, 57 young (58368K), 3 survivors (3072K)
 Metaspace       used 83675K, committed 85440K, reserved 1179648K
  class space    used 11713K, committed 12544K, reserved 1048576K
}
Event: 16.389 GC heap after
{Heap after GC invocations=35 (full 0):
 garbage-first heap   total 179200K, used 112814K [0x0000000080000000, 0x0000000100000000)
  region size 1024K, 5 young (5120K), 5 survivors (5120K)
 Metaspace       used 83675K, committed 85440K, reserved 1179648K
  class space    used 11713K, committed 12544K, reserved 1048576K
}
Event: 16.551 GC heap before
{Heap before GC invocations=35 (full 0):
 garbage-first heap   total 179200K, used 129198K [0x0000000080000000, 0x0000000100000000)
  region size 1024K, 22 young (22528K), 5 survivors (5120K)
 Metaspace       used 83787K, committed 85504K, reserved 1179648K
  class space    used 11726K, committed 12544K, reserved 1048576K
}
Event: 16.555 GC heap after
{Heap after GC invocations=36 (full 0):
 garbage-first heap   total 179200K, used 113268K [0x0000000080000000, 0x0000000100000000)
  region size 1024K, 3 young (3072K), 3 survivors (3072K)
 Metaspace       used 83787K, committed 85504K, reserved 1179648K
  class space    used 11726K, committed 12544K, reserved 1048576K
}
Event: 17.357 GC heap before
{Heap before GC invocations=37 (full 0):
 garbage-first heap   total 193536K, used 172660K [0x0000000080000000, 0x0000000100000000)
  region size 1024K, 54 young (55296K), 3 survivors (3072K)
 Metaspace       used 87348K, committed 89216K, reserved 1179648K
  class space    used 12173K, committed 13056K, reserved 1048576K
}
Event: 17.360 GC heap after
{Heap after GC invocations=38 (full 0):
 garbage-first heap   total 193536K, used 126495K [0x0000000080000000, 0x0000000100000000)
  region size 1024K, 7 young (7168K), 7 survivors (7168K)
 Metaspace       used 87348K, committed 89216K, reserved 1179648K
  class space    used 12173K, committed 13056K, reserved 1048576K
}
Event: 17.928 GC heap before
{Heap before GC invocations=38 (full 0):
 garbage-first heap   total 193536K, used 175647K [0x0000000080000000, 0x0000000100000000)
  region size 1024K, 55 young (56320K), 7 survivors (7168K)
 Metaspace       used 92918K, committed 94784K, reserved 1179648K
  class space    used 12795K, committed 13696K, reserved 1048576K
}
Event: 17.931 GC heap after
{Heap after GC invocations=39 (full 0):
 garbage-first heap   total 193536K, used 127647K [0x0000000080000000, 0x0000000100000000)
  region size 1024K, 2 young (2048K), 2 survivors (2048K)
 Metaspace       used 92918K, committed 94784K, reserved 1179648K
  class space    used 12795K, committed 13696K, reserved 1048576K
}
Event: 18.084 GC heap before
{Heap before GC invocations=39 (full 0):
 garbage-first heap   total 193536K, used 144031K [0x0000000080000000, 0x0000000100000000)
  region size 1024K, 19 young (19456K), 2 survivors (2048K)
 Metaspace       used 94373K, committed 96256K, reserved 1179648K
  class space    used 13033K, committed 13952K, reserved 1048576K
}
Event: 18.087 GC heap after
{Heap after GC invocations=40 (full 0):
 garbage-first heap   total 193536K, used 129587K [0x0000000080000000, 0x0000000100000000)
  region size 1024K, 4 young (4096K), 4 survivors (4096K)
 Metaspace       used 94373K, committed 96256K, reserved 1179648K
  class space    used 13033K, committed 13952K, reserved 1048576K
}
Event: 18.772 GC heap before
{Heap before GC invocations=41 (full 0):
 garbage-first heap   total 227328K, used 180787K [0x0000000080000000, 0x0000000100000000)
  region size 1024K, 49 young (50176K), 4 survivors (4096K)
 Metaspace       used 96878K, committed 98752K, reserved 1179648K
  class space    used 13396K, committed 14272K, reserved 1048576K
}
Event: 18.776 GC heap after
{Heap after GC invocations=42 (full 0):
 garbage-first heap   total 227328K, used 134453K [0x0000000080000000, 0x0000000100000000)
  region size 1024K, 7 young (7168K), 7 survivors (7168K)
 Metaspace       used 96878K, committed 98752K, reserved 1179648K
  class space    used 13396K, committed 14272K, reserved 1048576K
}

