# JRE version: OpenJDK Runtime Environment (21.0.8) (build 21.0.8+-14018985-b1038.68)
# Java VM: OpenJDK 64-Bit Server VM (21.0.8+-14018985-b1038.68, mixed mode, tiered, compressed oops, compressed class ptrs, g1 gc, windows-amd64)
GC Precious Log:
 CardTable entry size: 512
 Card Set container configuration: InlinePtr #cards 5 size 8 Array Of Cards #cards 12 size 40 Howl #buckets 4 coarsen threshold 1843 Howl Bitmap #cards 512 size 80 coarsen threshold 460 Card regions per heap region 1 cards per card region 2048
 CPUs: 8 total, 8 available
 Memory: 7975M
 Large Page Support: Disabled
 NUMA Support: Disabled
 Compressed Oops: Enabled (32-bit)
 Heap Region Size: 1M
 Heap Min Capacity: 8M
 Heap Initial Capacity: 126M
 Heap Max Capacity: 2G
 Pre-touch: Disabled
 Parallel Workers: 8
 Concurrent Workers: 2
 Concurrent Refinement Workers: 8
 Periodic GC: Disabled
Heap:
 garbage-first heap   total 163840K, used 161762K [0x0000000080000000, 0x0000000100000000)
  region size 1024K, 62 young (63488K), 2 survivors (2048K)
 Metaspace       used 71179K, committed 72832K, reserved 1114112K
  class space    used 10017K, committed 10816K, reserved 1048576K
GC Heap History (20 events):
Event: 5.122 GC heap after
{Heap after GC invocations=16 (full 0):
 garbage-first heap   total 125952K, used 67769K [0x0000000080000000, 0x0000000100000000)
  region size 1024K, 2 young (2048K), 2 survivors (2048K)
 Metaspace       used 47436K, committed 48448K, reserved 1114112K
  class space    used 6554K, committed 7040K, reserved 1048576K
}
Event: 6.920 GC heap before
{Heap before GC invocations=17 (full 0):
 garbage-first heap   total 125952K, used 114873K [0x0000000080000000, 0x0000000100000000)
  region size 1024K, 44 young (45056K), 2 survivors (2048K)
 Metaspace       used 53093K, committed 54400K, reserved 1114112K
  class space    used 7373K, committed 8000K, reserved 1048576K
}
Event: 6.923 GC heap after
{Heap after GC invocations=18 (full 0):
 garbage-first heap   total 125952K, used 69518K [0x0000000080000000, 0x0000000100000000)
  region size 1024K, 3 young (3072K), 3 survivors (3072K)
 Metaspace       used 53093K, committed 54400K, reserved 1114112K
  class space    used 7373K, committed 8000K, reserved 1048576K
}
Event: 8.474 GC heap before
{Heap before GC invocations=18 (full 0):
 garbage-first heap   total 125952K, used 114574K [0x0000000080000000, 0x0000000100000000)
  region size 1024K, 45 young (46080K), 3 survivors (3072K)
 Metaspace       used 57884K, committed 59392K, reserved 1114112K
  class space    used 8214K, committed 8960K, reserved 1048576K
}
Event: 8.479 GC heap after
{Heap after GC invocations=19 (full 0):
 garbage-first heap   total 125952K, used 74041K [0x0000000080000000, 0x0000000100000000)
  region size 1024K, 6 young (6144K), 6 survivors (6144K)
 Metaspace       used 57884K, committed 59392K, reserved 1114112K
  class space    used 8214K, committed 8960K, reserved 1048576K
}
Event: 9.095 GC heap before
{Heap before GC invocations=19 (full 0):
 garbage-first heap   total 125952K, used 110905K [0x0000000080000000, 0x0000000100000000)
  region size 1024K, 43 young (44032K), 6 survivors (6144K)
 Metaspace       used 60959K, committed 62464K, reserved 1114112K
  class space    used 8702K, committed 9408K, reserved 1048576K
}
Event: 9.101 GC heap after
{Heap after GC invocations=20 (full 0):
 garbage-first heap   total 125952K, used 76187K [0x0000000080000000, 0x0000000100000000)
  region size 1024K, 5 young (5120K), 5 survivors (5120K)
 Metaspace       used 60959K, committed 62464K, reserved 1114112K
  class space    used 8702K, committed 9408K, reserved 1048576K
}
Event: 9.386 GC heap before
{Heap before GC invocations=21 (full 0):
 garbage-first heap   total 128000K, used 113051K [0x0000000080000000, 0x0000000100000000)
  region size 1024K, 41 young (41984K), 5 survivors (5120K)
 Metaspace       used 60984K, committed 62464K, reserved 1114112K
  class space    used 8705K, committed 9408K, reserved 1048576K
}
Event: 9.392 GC heap after
{Heap after GC invocations=22 (full 0):
 garbage-first heap   total 128000K, used 78222K [0x0000000080000000, 0x0000000100000000)
  region size 1024K, 4 young (4096K), 4 survivors (4096K)
 Metaspace       used 60984K, committed 62464K, reserved 1114112K
  class space    used 8705K, committed 9408K, reserved 1048576K
}
Event: 9.568 GC heap before
{Heap before GC invocations=22 (full 0):
 garbage-first heap   total 128000K, used 116110K [0x0000000080000000, 0x0000000100000000)
  region size 1024K, 41 young (41984K), 4 survivors (4096K)
 Metaspace       used 60997K, committed 62464K, reserved 1114112K
  class space    used 8705K, committed 9408K, reserved 1048576K
}
Event: 9.572 GC heap after
{Heap after GC invocations=23 (full 0):
 garbage-first heap   total 128000K, used 78530K [0x0000000080000000, 0x0000000100000000)
  region size 1024K, 3 young (3072K), 3 survivors (3072K)
 Metaspace       used 60997K, committed 62464K, reserved 1114112K
  class space    used 8705K, committed 9408K, reserved 1048576K
}
Event: 9.851 GC heap before
{Heap before GC invocations=23 (full 0):
 garbage-first heap   total 128000K, used 116418K [0x0000000080000000, 0x0000000100000000)
  region size 1024K, 40 young (40960K), 3 survivors (3072K)
 Metaspace       used 61491K, committed 62912K, reserved 1114112K
  class space    used 8783K, committed 9472K, reserved 1048576K
}
Event: 9.854 GC heap after
{Heap after GC invocations=24 (full 0):
 garbage-first heap   total 128000K, used 79086K [0x0000000080000000, 0x0000000100000000)
  region size 1024K, 4 young (4096K), 4 survivors (4096K)
 Metaspace       used 61491K, committed 62912K, reserved 1114112K
  class space    used 8783K, committed 9472K, reserved 1048576K
}
Event: 11.936 GC heap before
{Heap before GC invocations=25 (full 0):
 garbage-first heap   total 135168K, used 120046K [0x0000000080000000, 0x0000000100000000)
  region size 1024K, 38 young (38912K), 4 survivors (4096K)
 Metaspace       used 64293K, committed 65792K, reserved 1114112K
  class space    used 9104K, committed 9792K, reserved 1048576K
}
Event: 11.939 GC heap after
{Heap after GC invocations=26 (full 0):
 garbage-first heap   total 135168K, used 89669K [0x0000000080000000, 0x0000000100000000)
  region size 1024K, 5 young (5120K), 5 survivors (5120K)
 Metaspace       used 64293K, committed 65792K, reserved 1114112K
  class space    used 9104K, committed 9792K, reserved 1048576K
}
Event: 12.013 GC heap before
{Heap before GC invocations=26 (full 0):
 garbage-first heap   total 135168K, used 121413K [0x0000000080000000, 0x0000000100000000)
  region size 1024K, 36 young (36864K), 5 survivors (5120K)
 Metaspace       used 64344K, committed 65856K, reserved 1114112K
  class space    used 9104K, committed 9792K, reserved 1048576K
}
Event: 12.016 GC heap after
{Heap after GC invocations=27 (full 0):
 garbage-first heap   total 135168K, used 90011K [0x0000000080000000, 0x0000000100000000)
  region size 1024K, 1 young (1024K), 1 survivors (1024K)
 Metaspace       used 64344K, committed 65856K, reserved 1114112K
  class space    used 9104K, committed 9792K, reserved 1048576K
}
Event: 12.625 GC heap before
{Heap before GC invocations=27 (full 0):
 garbage-first heap   total 135168K, used 125851K [0x0000000080000000, 0x0000000100000000)
  region size 1024K, 36 young (36864K), 1 survivors (1024K)
 Metaspace       used 65017K, committed 66560K, reserved 1114112K
  class space    used 9178K, committed 9920K, reserved 1048576K
}
Event: 12.628 GC heap after
{Heap after GC invocations=28 (full 0):
 garbage-first heap   total 162816K, used 91106K [0x0000000080000000, 0x0000000100000000)
  region size 1024K, 2 young (2048K), 2 survivors (2048K)
 Metaspace       used 65017K, committed 66560K, reserved 1114112K
  class space    used 9178K, committed 9920K, reserved 1048576K
}
Event: 13.809 GC heap before
{Heap before GC invocations=29 (full 0):
 garbage-first heap   total 163840K, used 160738K [0x0000000080000000, 0x0000000100000000)
  region size 1024K, 62 young (63488K), 2 survivors (2048K)
 Metaspace       used 71179K, committed 72832K, reserved 1114112K
  class space    used 10017K, committed 10816K, reserved 1048576K
}

