# JRE version: OpenJDK Runtime Environment (21.0.8) (build 21.0.8+-14018985-b1038.68)
# Java VM: OpenJDK 64-Bit Server VM (21.0.8+-14018985-b1038.68, mixed mode, tiered, compressed oops, compressed class ptrs, g1 gc, windows-amd64)
GC Precious Log:
 CardTable entry size: 512
 Card Set container configuration: InlinePtr #cards 5 size 8 Array Of Cards #cards 12 size 40 Howl #buckets 4 coarsen threshold 1843 Howl Bitmap #cards 512 size 80 coarsen threshold 460 Card regions per heap region 1 cards per card region 2048
 CPUs: 8 total, 8 available
 Memory: 7975M
 Large Page Support: Disabled
 NUMA Support: Disabled
 Compressed Oops: Enabled (32-bit)
 Heap Region Size: 1M
 Heap Min Capacity: 8M
 Heap Initial Capacity: 126M
 Heap Max Capacity: 2G
 Pre-touch: Disabled
 Parallel Workers: 8
 Concurrent Workers: 2
 Concurrent Refinement Workers: 8
 Periodic GC: Disabled
Heap:
 garbage-first heap   total 157696K, used 133091K [0x0000000080000000, 0x0000000100000000)
  region size 1024K, 42 young (43008K), 3 survivors (3072K)
 Metaspace       used 66591K, committed 68288K, reserved 1114112K
  class space    used 9427K, committed 10240K, reserved 1048576K
GC Heap History (20 events):
Event: 3.007 GC heap before
{Heap before GC invocations=10 (full 0):
 garbage-first heap   total 79872K, used 67676K [0x0000000080000000, 0x0000000100000000)
  region size 1024K, 13 young (13312K), 5 survivors (5120K)
 Metaspace       used 37779K, committed 38720K, reserved 1114112K
  class space    used 5335K, committed 5824K, reserved 1048576K
}
Event: 3.009 GC heap after
{Heap after GC invocations=11 (full 0):
 garbage-first heap   total 79872K, used 60865K [0x0000000080000000, 0x0000000100000000)
  region size 1024K, 1 young (1024K), 1 survivors (1024K)
 Metaspace       used 37779K, committed 38720K, reserved 1114112K
  class space    used 5335K, committed 5824K, reserved 1048576K
}
Event: 3.144 GC heap before
{Heap before GC invocations=11 (full 0):
 garbage-first heap   total 79872K, used 73153K [0x0000000080000000, 0x0000000100000000)
  region size 1024K, 13 young (13312K), 1 survivors (1024K)
 Metaspace       used 39440K, committed 40384K, reserved 1114112K
  class space    used 5581K, committed 6080K, reserved 1048576K
}
Event: 3.145 GC heap after
{Heap after GC invocations=12 (full 0):
 garbage-first heap   total 79872K, used 61160K [0x0000000080000000, 0x0000000100000000)
  region size 1024K, 1 young (1024K), 1 survivors (1024K)
 Metaspace       used 39440K, committed 40384K, reserved 1114112K
  class space    used 5581K, committed 6080K, reserved 1048576K
}
Event: 3.298 GC heap before
{Heap before GC invocations=13 (full 0):
 garbage-first heap   total 102400K, used 72424K [0x0000000080000000, 0x0000000100000000)
  region size 1024K, 13 young (13312K), 1 survivors (1024K)
 Metaspace       used 41260K, committed 42176K, reserved 1114112K
  class space    used 5893K, committed 6336K, reserved 1048576K
}
Event: 3.300 GC heap after
{Heap after GC invocations=14 (full 0):
 garbage-first heap   total 122880K, used 62103K [0x0000000080000000, 0x0000000100000000)
  region size 1024K, 2 young (2048K), 2 survivors (2048K)
 Metaspace       used 41260K, committed 42176K, reserved 1114112K
  class space    used 5893K, committed 6336K, reserved 1048576K
}
Event: 3.795 GC heap before
{Heap before GC invocations=14 (full 0):
 garbage-first heap   total 122880K, used 109207K [0x0000000080000000, 0x0000000100000000)
  region size 1024K, 49 young (50176K), 2 survivors (2048K)
 Metaspace       used 47181K, committed 48256K, reserved 1114112K
  class space    used 6536K, committed 7040K, reserved 1048576K
}
Event: 3.800 GC heap after
{Heap after GC invocations=15 (full 0):
 garbage-first heap   total 122880K, used 66760K [0x0000000080000000, 0x0000000100000000)
  region size 1024K, 7 young (7168K), 7 survivors (7168K)
 Metaspace       used 47181K, committed 48256K, reserved 1114112K
  class space    used 6536K, committed 7040K, reserved 1048576K
}
Event: 3.871 GC heap before
{Heap before GC invocations=15 (full 0):
 garbage-first heap   total 122880K, used 69832K [0x0000000080000000, 0x0000000100000000)
  region size 1024K, 12 young (12288K), 7 survivors (7168K)
 Metaspace       used 47419K, committed 48448K, reserved 1114112K
  class space    used 6553K, committed 7040K, reserved 1048576K
}
Event: 3.875 GC heap after
{Heap after GC invocations=16 (full 0):
 garbage-first heap   total 122880K, used 67419K [0x0000000080000000, 0x0000000100000000)
  region size 1024K, 2 young (2048K), 2 survivors (2048K)
 Metaspace       used 47419K, committed 48448K, reserved 1114112K
  class space    used 6553K, committed 7040K, reserved 1048576K
}
Event: 4.379 GC heap before
{Heap before GC invocations=17 (full 0):
 garbage-first heap   total 122880K, used 113499K [0x0000000080000000, 0x0000000100000000)
  region size 1024K, 42 young (43008K), 2 survivors (2048K)
 Metaspace       used 52861K, committed 54336K, reserved 1114112K
  class space    used 7330K, committed 8064K, reserved 1048576K
}
Event: 4.382 GC heap after
{Heap after GC invocations=18 (full 0):
 garbage-first heap   total 122880K, used 69106K [0x0000000080000000, 0x0000000100000000)
  region size 1024K, 4 young (4096K), 4 survivors (4096K)
 Metaspace       used 52861K, committed 54336K, reserved 1114112K
  class space    used 7330K, committed 8064K, reserved 1048576K
}
Event: 4.858 GC heap before
{Heap before GC invocations=18 (full 0):
 garbage-first heap   total 122880K, used 109042K [0x0000000080000000, 0x0000000100000000)
  region size 1024K, 44 young (45056K), 4 survivors (4096K)
 Metaspace       used 57536K, committed 59008K, reserved 1114112K
  class space    used 8151K, committed 8896K, reserved 1048576K
}
Event: 4.863 GC heap after
{Heap after GC invocations=19 (full 0):
 garbage-first heap   total 122880K, used 71217K [0x0000000080000000, 0x0000000100000000)
  region size 1024K, 6 young (6144K), 6 survivors (6144K)
 Metaspace       used 57536K, committed 59008K, reserved 1114112K
  class space    used 8151K, committed 8896K, reserved 1048576K
}
Event: 4.882 GC heap before
{Heap before GC invocations=19 (full 0):
 garbage-first heap   total 122880K, used 71217K [0x0000000080000000, 0x0000000100000000)
  region size 1024K, 7 young (7168K), 6 survivors (6144K)
 Metaspace       used 57549K, committed 59072K, reserved 1114112K
  class space    used 8153K, committed 8896K, reserved 1048576K
}
Event: 4.886 GC heap after
{Heap after GC invocations=20 (full 0):
 garbage-first heap   total 122880K, used 71309K [0x0000000080000000, 0x0000000100000000)
  region size 1024K, 3 young (3072K), 3 survivors (3072K)
 Metaspace       used 57549K, committed 59072K, reserved 1114112K
  class space    used 8153K, committed 8896K, reserved 1048576K
}
Event: 5.311 GC heap before
{Heap before GC invocations=21 (full 0):
 garbage-first heap   total 124928K, used 122509K [0x0000000080000000, 0x0000000100000000)
  region size 1024K, 36 young (36864K), 3 survivors (3072K)
 Metaspace       used 59966K, committed 61568K, reserved 1114112K
  class space    used 8348K, committed 9152K, reserved 1048576K
}
Event: 5.315 GC heap after
{Heap after GC invocations=22 (full 0):
 garbage-first heap   total 131072K, used 91503K [0x0000000080000000, 0x0000000100000000)
  region size 1024K, 5 young (5120K), 5 survivors (5120K)
 Metaspace       used 59966K, committed 61568K, reserved 1114112K
  class space    used 8348K, committed 9152K, reserved 1048576K
}
Event: 5.633 GC heap before
{Heap before GC invocations=22 (full 0):
 garbage-first heap   total 131072K, used 118127K [0x0000000080000000, 0x0000000100000000)
  region size 1024K, 31 young (31744K), 5 survivors (5120K)
 Metaspace       used 61889K, committed 63552K, reserved 1114112K
  class space    used 8684K, committed 9472K, reserved 1048576K
}
Event: 5.639 GC heap after
{Heap after GC invocations=23 (full 0):
 garbage-first heap   total 157696K, used 94179K [0x0000000080000000, 0x0000000100000000)
  region size 1024K, 3 young (3072K), 3 survivors (3072K)
 Metaspace       used 61889K, committed 63552K, reserved 1114112K
  class space    used 8684K, committed 9472K, reserved 1048576K
}

