# JRE version: OpenJDK Runtime Environment (21.0.8) (build 21.0.8+-14018985-b1038.68)
# Java VM: OpenJDK 64-Bit Server VM (21.0.8+-14018985-b1038.68, mixed mode, tiered, compressed oops, compressed class ptrs, g1 gc, windows-amd64)
GC Precious Log:
 CardTable entry size: 512
 Card Set container configuration: InlinePtr #cards 5 size 8 Array Of Cards #cards 12 size 40 Howl #buckets 4 coarsen threshold 1843 Howl Bitmap #cards 512 size 80 coarsen threshold 460 Card regions per heap region 1 cards per card region 2048
 CPUs: 8 total, 8 available
 Memory: 7975M
 Large Page Support: Disabled
 NUMA Support: Disabled
 Compressed Oops: Enabled (32-bit)
 Heap Region Size: 1M
 Heap Min Capacity: 8M
 Heap Initial Capacity: 126M
 Heap Max Capacity: 2G
 Pre-touch: Disabled
 Parallel Workers: 8
 Concurrent Workers: 2
 Concurrent Refinement Workers: 8
 Periodic GC: Disabled
Heap:
 garbage-first heap   total 219136K, used 148147K [0x0000000080000000, 0x0000000100000000)
  region size 1024K, 11 young (11264K), 8 survivors (8192K)
 Metaspace       used 100248K, committed 102464K, reserved 1179648K
  class space    used 13812K, committed 14912K, reserved 1048576K
GC Heap History (20 events):
Event: 11.246 GC heap before
{Heap before GC invocations=23 (full 0):
 garbage-first heap   total 160768K, used 144715K [0x0000000080000000, 0x0000000100000000)
  region size 1024K, 50 young (51200K), 4 survivors (4096K)
 Metaspace       used 70346K, committed 72064K, reserved 1114112K
  class space    used 9930K, committed 10752K, reserved 1048576K
}
Event: 11.254 GC heap after
{Heap after GC invocations=24 (full 0):
 garbage-first heap   total 160768K, used 102456K [0x0000000080000000, 0x0000000100000000)
  region size 1024K, 7 young (7168K), 7 survivors (7168K)
 Metaspace       used 70346K, committed 72064K, reserved 1114112K
  class space    used 9930K, committed 10752K, reserved 1048576K
}
Event: 11.821 GC heap before
{Heap before GC invocations=25 (full 0):
 garbage-first heap   total 173056K, used 142392K [0x0000000080000000, 0x0000000100000000)
  region size 1024K, 47 young (48128K), 7 survivors (7168K)
 Metaspace       used 70575K, committed 72384K, reserved 1114112K
  class space    used 9938K, committed 10816K, reserved 1048576K
}
Event: 11.826 GC heap after
{Heap after GC invocations=26 (full 0):
 garbage-first heap   total 173056K, used 104046K [0x0000000080000000, 0x0000000100000000)
  region size 1024K, 2 young (2048K), 2 survivors (2048K)
 Metaspace       used 70575K, committed 72384K, reserved 1114112K
  class space    used 9938K, committed 10816K, reserved 1048576K
}
Event: 12.504 GC heap before
{Heap before GC invocations=26 (full 0):
 garbage-first heap   total 173056K, used 167534K [0x0000000080000000, 0x0000000100000000)
  region size 1024K, 58 young (59392K), 2 survivors (2048K)
 Metaspace       used 71756K, committed 73536K, reserved 1114112K
  class space    used 10072K, committed 10944K, reserved 1048576K
}
Event: 12.509 GC heap after
{Heap after GC invocations=27 (full 0):
 garbage-first heap   total 180224K, used 117230K [0x0000000080000000, 0x0000000100000000)
  region size 1024K, 8 young (8192K), 8 survivors (8192K)
 Metaspace       used 71756K, committed 73536K, reserved 1114112K
  class space    used 10072K, committed 10944K, reserved 1048576K
}
Event: 13.101 GC heap before
{Heap before GC invocations=27 (full 0):
 garbage-first heap   total 180224K, used 161262K [0x0000000080000000, 0x0000000100000000)
  region size 1024K, 51 young (52224K), 8 survivors (8192K)
 Metaspace       used 75919K, committed 77760K, reserved 1179648K
  class space    used 10557K, committed 11456K, reserved 1048576K
}
Event: 13.104 GC heap after
{Heap after GC invocations=28 (full 0):
 garbage-first heap   total 180224K, used 118457K [0x0000000080000000, 0x0000000100000000)
  region size 1024K, 2 young (2048K), 2 survivors (2048K)
 Metaspace       used 75919K, committed 77760K, reserved 1179648K
  class space    used 10557K, committed 11456K, reserved 1048576K
}
Event: 14.741 GC heap before
{Heap before GC invocations=29 (full 0):
 garbage-first heap   total 199680K, used 165561K [0x0000000080000000, 0x0000000100000000)
  region size 1024K, 48 young (49152K), 2 survivors (2048K)
 Metaspace       used 81032K, committed 82944K, reserved 1179648K
  class space    used 11242K, committed 12160K, reserved 1048576K
}
Event: 14.744 GC heap after
{Heap after GC invocations=30 (full 0):
 garbage-first heap   total 199680K, used 119907K [0x0000000080000000, 0x0000000100000000)
  region size 1024K, 3 young (3072K), 3 survivors (3072K)
 Metaspace       used 81032K, committed 82944K, reserved 1179648K
  class space    used 11242K, committed 12160K, reserved 1048576K
}
Event: 17.776 GC heap before
{Heap before GC invocations=30 (full 0):
 garbage-first heap   total 199680K, used 189539K [0x0000000080000000, 0x0000000100000000)
  region size 1024K, 66 young (67584K), 3 survivors (3072K)
 Metaspace       used 85848K, committed 87872K, reserved 1179648K
  class space    used 11864K, committed 12864K, reserved 1048576K
}
Event: 17.781 GC heap after
{Heap after GC invocations=31 (full 0):
 garbage-first heap   total 200704K, used 126748K [0x0000000080000000, 0x0000000100000000)
  region size 1024K, 9 young (9216K), 9 survivors (9216K)
 Metaspace       used 85848K, committed 87872K, reserved 1179648K
  class space    used 11864K, committed 12864K, reserved 1048576K
}
Event: 18.284 GC heap before
{Heap before GC invocations=31 (full 0):
 garbage-first heap   total 200704K, used 179996K [0x0000000080000000, 0x0000000100000000)
  region size 1024K, 61 young (62464K), 9 survivors (9216K)
 Metaspace       used 88375K, committed 90432K, reserved 1179648K
  class space    used 12169K, committed 13184K, reserved 1048576K
}
Event: 18.290 GC heap after
{Heap after GC invocations=32 (full 0):
 garbage-first heap   total 200704K, used 130472K [0x0000000080000000, 0x0000000100000000)
  region size 1024K, 4 young (4096K), 4 survivors (4096K)
 Metaspace       used 88375K, committed 90432K, reserved 1179648K
  class space    used 12169K, committed 13184K, reserved 1048576K
}
Event: 18.909 GC heap before
{Heap before GC invocations=33 (full 0):
 garbage-first heap   total 219136K, used 183720K [0x0000000080000000, 0x0000000100000000)
  region size 1024K, 56 young (57344K), 4 survivors (4096K)
 Metaspace       used 91774K, committed 93760K, reserved 1179648K
  class space    used 12642K, committed 13632K, reserved 1048576K
}
Event: 18.913 GC heap after
{Heap after GC invocations=34 (full 0):
 garbage-first heap   total 219136K, used 133704K [0x0000000080000000, 0x0000000100000000)
  region size 1024K, 7 young (7168K), 7 survivors (7168K)
 Metaspace       used 91774K, committed 93760K, reserved 1179648K
  class space    used 12642K, committed 13632K, reserved 1048576K
}
Event: 19.607 GC heap before
{Heap before GC invocations=34 (full 0):
 garbage-first heap   total 219136K, used 199240K [0x0000000080000000, 0x0000000100000000)
  region size 1024K, 71 young (72704K), 7 survivors (7168K)
 Metaspace       used 97070K, committed 99200K, reserved 1179648K
  class space    used 13541K, committed 14592K, reserved 1048576K
}
Event: 19.612 GC heap after
{Heap after GC invocations=35 (full 0):
 garbage-first heap   total 219136K, used 135822K [0x0000000080000000, 0x0000000100000000)
  region size 1024K, 6 young (6144K), 6 survivors (6144K)
 Metaspace       used 97070K, committed 99200K, reserved 1179648K
  class space    used 13541K, committed 14592K, reserved 1048576K
}
Event: 19.946 GC heap before
{Heap before GC invocations=35 (full 0):
 garbage-first heap   total 219136K, used 168590K [0x0000000080000000, 0x0000000100000000)
  region size 1024K, 40 young (40960K), 6 survivors (6144K)
 Metaspace       used 99274K, committed 101440K, reserved 1179648K
  class space    used 13783K, committed 14848K, reserved 1048576K
}
Event: 19.952 GC heap after
{Heap after GC invocations=36 (full 0):
 garbage-first heap   total 219136K, used 140979K [0x0000000080000000, 0x0000000100000000)
  region size 1024K, 8 young (8192K), 8 survivors (8192K)
 Metaspace       used 99274K, committed 101440K, reserved 1179648K
  class space    used 13783K, committed 14848K, reserved 1048576K
}

