# JRE version: OpenJDK Runtime Environment (21.0.8) (build 21.0.8+-14018985-b1038.68)
# Java VM: OpenJDK 64-Bit Server VM (21.0.8+-14018985-b1038.68, mixed mode, tiered, compressed oops, compressed class ptrs, g1 gc, windows-amd64)
GC Precious Log:
 CardTable entry size: 512
 Card Set container configuration: InlinePtr #cards 5 size 8 Array Of Cards #cards 12 size 40 Howl #buckets 4 coarsen threshold 1843 Howl Bitmap #cards 512 size 80 coarsen threshold 460 Card regions per heap region 1 cards per card region 2048
 CPUs: 8 total, 8 available
 Memory: 7975M
 Large Page Support: Disabled
 NUMA Support: Disabled
 Compressed Oops: Enabled (32-bit)
 Heap Region Size: 1M
 Heap Min Capacity: 8M
 Heap Initial Capacity: 126M
 Heap Max Capacity: 2G
 Pre-touch: Disabled
 Parallel Workers: 8
 Concurrent Workers: 2
 Concurrent Refinement Workers: 8
 Periodic GC: Disabled
Heap:
 garbage-first heap   total 172032K, used 146179K [0x0000000080000000, 0x0000000100000000)
  region size 1024K, 43 young (44032K), 1 survivors (1024K)
 Metaspace       used 65340K, committed 66816K, reserved 1114112K
  class space    used 9197K, committed 9920K, reserved 1048576K
GC Heap History (20 events):
Event: 10.855 GC heap before
{Heap before GC invocations=17 (full 0):
 garbage-first heap   total 122880K, used 114051K [0x0000000080000000, 0x0000000100000000)
  region size 1024K, 48 young (49152K), 7 survivors (7168K)
 Metaspace       used 55186K, committed 56192K, reserved 1114112K
  class space    used 7561K, committed 8064K, reserved 1048576K
}
Event: 10.863 GC heap after
{Heap after GC invocations=18 (full 0):
 garbage-first heap   total 125952K, used 70826K [0x0000000080000000, 0x0000000100000000)
  region size 1024K, 4 young (4096K), 4 survivors (4096K)
 Metaspace       used 55186K, committed 56192K, reserved 1114112K
  class space    used 7561K, committed 8064K, reserved 1048576K
}
Event: 11.487 GC heap before
{Heap before GC invocations=18 (full 0):
 garbage-first heap   total 125952K, used 113834K [0x0000000080000000, 0x0000000100000000)
  region size 1024K, 46 young (47104K), 4 survivors (4096K)
 Metaspace       used 59362K, committed 60736K, reserved 1114112K
  class space    used 8268K, committed 8896K, reserved 1048576K
}
Event: 11.491 GC heap after
{Heap after GC invocations=19 (full 0):
 garbage-first heap   total 125952K, used 72153K [0x0000000080000000, 0x0000000100000000)
  region size 1024K, 3 young (3072K), 3 survivors (3072K)
 Metaspace       used 59362K, committed 60736K, reserved 1114112K
  class space    used 8268K, committed 8896K, reserved 1048576K
}
Event: 12.053 GC heap before
{Heap before GC invocations=19 (full 0):
 garbage-first heap   total 125952K, used 110041K [0x0000000080000000, 0x0000000100000000)
  region size 1024K, 41 young (41984K), 3 survivors (3072K)
 Metaspace       used 63745K, committed 65216K, reserved 1114112K
  class space    used 9026K, committed 9728K, reserved 1048576K
}
Event: 12.057 GC heap after
{Heap after GC invocations=20 (full 0):
 garbage-first heap   total 125952K, used 74082K [0x0000000080000000, 0x0000000100000000)
  region size 1024K, 4 young (4096K), 4 survivors (4096K)
 Metaspace       used 63745K, committed 65216K, reserved 1114112K
  class space    used 9026K, committed 9728K, reserved 1048576K
}
Event: 12.209 GC heap before
{Heap before GC invocations=21 (full 0):
 garbage-first heap   total 126976K, used 114018K [0x0000000080000000, 0x0000000100000000)
  region size 1024K, 43 young (44032K), 4 survivors (4096K)
 Metaspace       used 63914K, committed 65344K, reserved 1114112K
  class space    used 9058K, committed 9728K, reserved 1048576K
}
Event: 12.213 GC heap after
{Heap after GC invocations=22 (full 0):
 garbage-first heap   total 126976K, used 75581K [0x0000000080000000, 0x0000000100000000)
  region size 1024K, 4 young (4096K), 4 survivors (4096K)
 Metaspace       used 63914K, committed 65344K, reserved 1114112K
  class space    used 9058K, committed 9728K, reserved 1048576K
}
Event: 12.351 GC heap before
{Heap before GC invocations=22 (full 0):
 garbage-first heap   total 126976K, used 114493K [0x0000000080000000, 0x0000000100000000)
  region size 1024K, 42 young (43008K), 4 survivors (4096K)
 Metaspace       used 63914K, committed 65344K, reserved 1114112K
  class space    used 9058K, committed 9728K, reserved 1048576K
}
Event: 12.355 GC heap after
{Heap after GC invocations=23 (full 0):
 garbage-first heap   total 126976K, used 77088K [0x0000000080000000, 0x0000000100000000)
  region size 1024K, 4 young (4096K), 4 survivors (4096K)
 Metaspace       used 63914K, committed 65344K, reserved 1114112K
  class space    used 9058K, committed 9728K, reserved 1048576K
}
Event: 12.487 GC heap before
{Heap before GC invocations=23 (full 0):
 garbage-first heap   total 126976K, used 114976K [0x0000000080000000, 0x0000000100000000)
  region size 1024K, 41 young (41984K), 4 survivors (4096K)
 Metaspace       used 63914K, committed 65344K, reserved 1114112K
  class space    used 9058K, committed 9728K, reserved 1048576K
}
Event: 12.490 GC heap after
{Heap after GC invocations=24 (full 0):
 garbage-first heap   total 126976K, used 79133K [0x0000000080000000, 0x0000000100000000)
  region size 1024K, 4 young (4096K), 4 survivors (4096K)
 Metaspace       used 63914K, committed 65344K, reserved 1114112K
  class space    used 9058K, committed 9728K, reserved 1048576K
}
Event: 12.773 GC heap before
{Heap before GC invocations=25 (full 0):
 garbage-first heap   total 133120K, used 114973K [0x0000000080000000, 0x0000000100000000)
  region size 1024K, 39 young (39936K), 4 survivors (4096K)
 Metaspace       used 63908K, committed 65344K, reserved 1114112K
  class space    used 9055K, committed 9728K, reserved 1048576K
}
Event: 12.780 GC heap after
{Heap after GC invocations=26 (full 0):
 garbage-first heap   total 133120K, used 85462K [0x0000000080000000, 0x0000000100000000)
  region size 1024K, 5 young (5120K), 5 survivors (5120K)
 Metaspace       used 63908K, committed 65344K, reserved 1114112K
  class space    used 9055K, committed 9728K, reserved 1048576K
}
Event: 13.064 GC heap before
{Heap before GC invocations=26 (full 0):
 garbage-first heap   total 133120K, used 119254K [0x0000000080000000, 0x0000000100000000)
  region size 1024K, 39 young (39936K), 5 survivors (5120K)
 Metaspace       used 64170K, committed 65664K, reserved 1114112K
  class space    used 9090K, committed 9792K, reserved 1048576K
}
Event: 13.076 GC heap after
{Heap after GC invocations=27 (full 0):
 garbage-first heap   total 172032K, used 95420K [0x0000000080000000, 0x0000000100000000)
  region size 1024K, 5 young (5120K), 5 survivors (5120K)
 Metaspace       used 64170K, committed 65664K, reserved 1114112K
  class space    used 9090K, committed 9792K, reserved 1048576K
}
Event: 13.483 GC heap before
{Heap before GC invocations=27 (full 0):
 garbage-first heap   total 172032K, used 151740K [0x0000000080000000, 0x0000000100000000)
  region size 1024K, 59 young (60416K), 5 survivors (5120K)
 Metaspace       used 65018K, committed 66496K, reserved 1114112K
  class space    used 9177K, committed 9920K, reserved 1048576K
}
Event: 13.504 GC heap after
{Heap after GC invocations=28 (full 0):
 garbage-first heap   total 172032K, used 103488K [0x0000000080000000, 0x0000000100000000)
  region size 1024K, 8 young (8192K), 8 survivors (8192K)
 Metaspace       used 65018K, committed 66496K, reserved 1114112K
  class space    used 9177K, committed 9920K, reserved 1048576K
}
Event: 13.915 GC heap before
{Heap before GC invocations=28 (full 0):
 garbage-first heap   total 172032K, used 150592K [0x0000000080000000, 0x0000000100000000)
  region size 1024K, 55 young (56320K), 8 survivors (8192K)
 Metaspace       used 65202K, committed 66688K, reserved 1114112K
  class space    used 9177K, committed 9920K, reserved 1048576K
}
Event: 13.932 GC heap after
{Heap after GC invocations=29 (full 0):
 garbage-first heap   total 172032K, used 104195K [0x0000000080000000, 0x0000000100000000)
  region size 1024K, 1 young (1024K), 1 survivors (1024K)
 Metaspace       used 65202K, committed 66688K, reserved 1114112K
  class space    used 9177K, committed 9920K, reserved 1048576K
}

