# JRE version: OpenJDK Runtime Environment (21.0.8) (build 21.0.8+-14018985-b1038.68)
# Java VM: OpenJDK 64-Bit Server VM (21.0.8+-14018985-b1038.68, mixed mode, tiered, compressed oops, compressed class ptrs, g1 gc, windows-amd64)
GC Precious Log:
 CardTable entry size: 512
 Card Set container configuration: InlinePtr #cards 5 size 8 Array Of Cards #cards 12 size 40 Howl #buckets 4 coarsen threshold 1843 Howl Bitmap #cards 512 size 80 coarsen threshold 460 Card regions per heap region 1 cards per card region 2048
 CPUs: 8 total, 8 available
 Memory: 7975M
 Large Page Support: Disabled
 NUMA Support: Disabled
 Compressed Oops: Enabled (32-bit)
 Heap Region Size: 1M
 Heap Min Capacity: 8M
 Heap Initial Capacity: 126M
 Heap Max Capacity: 2G
 Pre-touch: Disabled
 Parallel Workers: 8
 Concurrent Workers: 2
 Concurrent Refinement Workers: 8
 Periodic GC: Disabled
Heap:
 garbage-first heap   total 68608K, used 24991K [0x0000000080000000, 0x0000000100000000)
  region size 1024K, 7 young (7168K), 3 survivors (3072K)
 Metaspace       used 28604K, committed 29120K, reserved 1114112K
  class space    used 3688K, committed 3904K, reserved 1048576K
GC Heap History (10 events):
Event: 0.796 GC heap before
{Heap before GC invocations=0 (full 0):
 garbage-first heap   total 129024K, used 23552K [0x0000000080000000, 0x0000000100000000)
  region size 1024K, 23 young (23552K), 0 survivors (0K)
 Metaspace       used 7566K, committed 7744K, reserved 1114112K
  class space    used 701K, committed 768K, reserved 1048576K
}
Event: 0.799 GC heap after
{Heap after GC invocations=1 (full 0):
 garbage-first heap   total 129024K, used 1535K [0x0000000080000000, 0x0000000100000000)
  region size 1024K, 2 young (2048K), 2 survivors (2048K)
 Metaspace       used 7566K, committed 7744K, reserved 1114112K
  class space    used 701K, committed 768K, reserved 1048576K
}
Event: 1.673 GC heap before
{Heap before GC invocations=1 (full 0):
 garbage-first heap   total 129024K, used 40447K [0x0000000080000000, 0x0000000100000000)
  region size 1024K, 38 young (38912K), 2 survivors (2048K)
 Metaspace       used 12307K, committed 12480K, reserved 1114112K
  class space    used 1348K, committed 1472K, reserved 1048576K
}
Event: 1.685 GC heap after
{Heap after GC invocations=2 (full 0):
 garbage-first heap   total 129024K, used 10743K [0x0000000080000000, 0x0000000100000000)
  region size 1024K, 5 young (5120K), 5 survivors (5120K)
 Metaspace       used 12307K, committed 12480K, reserved 1114112K
  class space    used 1348K, committed 1472K, reserved 1048576K
}
Event: 14.727 GC heap before
{Heap before GC invocations=2 (full 0):
 garbage-first heap   total 129024K, used 83447K [0x0000000080000000, 0x0000000100000000)
  region size 1024K, 75 young (76800K), 5 survivors (5120K)
 Metaspace       used 20126K, committed 20416K, reserved 1114112K
  class space    used 2367K, committed 2496K, reserved 1048576K
}
Event: 15.422 GC heap after
{Heap after GC invocations=3 (full 0):
 garbage-first heap   total 129024K, used 19305K [0x0000000080000000, 0x0000000100000000)
  region size 1024K, 10 young (10240K), 10 survivors (10240K)
 Metaspace       used 20126K, committed 20416K, reserved 1114112K
  class space    used 2367K, committed 2496K, reserved 1048576K
}
Event: 16.468 GC heap before
{Heap before GC invocations=3 (full 0):
 garbage-first heap   total 129024K, used 23401K [0x0000000080000000, 0x0000000100000000)
  region size 1024K, 15 young (15360K), 10 survivors (10240K)
 Metaspace       used 21185K, committed 21504K, reserved 1114112K
  class space    used 2520K, committed 2688K, reserved 1048576K
}
Event: 16.481 GC heap after
{Heap after GC invocations=4 (full 0):
 garbage-first heap   total 129024K, used 19892K [0x0000000080000000, 0x0000000100000000)
  region size 1024K, 1 young (1024K), 1 survivors (1024K)
 Metaspace       used 21185K, committed 21504K, reserved 1114112K
  class space    used 2520K, committed 2688K, reserved 1048576K
}
Event: 30.271 GC heap before
{Heap before GC invocations=5 (full 0):
 garbage-first heap   total 68608K, used 58804K [0x0000000080000000, 0x0000000100000000)
  region size 1024K, 40 young (40960K), 1 survivors (1024K)
 Metaspace       used 28078K, committed 28544K, reserved 1114112K
  class space    used 3588K, committed 3840K, reserved 1048576K
}
Event: 30.277 GC heap after
{Heap after GC invocations=6 (full 0):
 garbage-first heap   total 68608K, used 21919K [0x0000000080000000, 0x0000000100000000)
  region size 1024K, 3 young (3072K), 3 survivors (3072K)
 Metaspace       used 28078K, committed 28544K, reserved 1114112K
  class space    used 3588K, committed 3840K, reserved 1048576K
}

