# JRE version: OpenJDK Runtime Environment (21.0.8) (build 21.0.8+-14018985-b1038.68)
# Java VM: OpenJDK 64-Bit Server VM (21.0.8+-14018985-b1038.68, mixed mode, tiered, compressed oops, compressed class ptrs, g1 gc, windows-amd64)
GC Precious Log:
 CardTable entry size: 512
 Card Set container configuration: InlinePtr #cards 5 size 8 Array Of Cards #cards 12 size 40 Howl #buckets 4 coarsen threshold 1843 Howl Bitmap #cards 512 size 80 coarsen threshold 460 Card regions per heap region 1 cards per card region 2048
 CPUs: 8 total, 8 available
 Memory: 7975M
 Large Page Support: Disabled
 NUMA Support: Disabled
 Compressed Oops: Enabled (32-bit)
 Heap Region Size: 1M
 Heap Min Capacity: 8M
 Heap Initial Capacity: 126M
 Heap Max Capacity: 2G
 Pre-touch: Disabled
 Parallel Workers: 8
 Concurrent Workers: 2
 Concurrent Refinement Workers: 8
 Periodic GC: Disabled
Heap:
 garbage-first heap   total 251904K, used 203776K [0x0000000080000000, 0x0000000100000000)
  region size 1024K, 5 young (5120K), 5 survivors (5120K)
 Metaspace       used 66221K, committed 67776K, reserved 1114112K
  class space    used 9282K, committed 10048K, reserved 1048576K
GC Heap History (20 events):
Event: 12.634 GC heap after
{Heap after GC invocations=45 (full 0):
 garbage-first heap   total 177152K, used 74295K [0x0000000080000000, 0x0000000100000000)
  region size 1024K, 2 young (2048K), 2 survivors (2048K)
 Metaspace       used 62128K, committed 63680K, reserved 1114112K
  class space    used 8867K, committed 9600K, reserved 1048576K
}
Event: 13.315 GC heap before
{Heap before GC invocations=45 (full 0):
 garbage-first heap   total 177152K, used 163383K [0x0000000080000000, 0x0000000100000000)
  region size 1024K, 89 young (91136K), 2 survivors (2048K)
 Metaspace       used 65603K, committed 67136K, reserved 1114112K
  class space    used 9240K, committed 9984K, reserved 1048576K
}
Event: 13.319 GC heap after
{Heap after GC invocations=46 (full 0):
 garbage-first heap   total 177152K, used 78748K [0x0000000080000000, 0x0000000100000000)
  region size 1024K, 6 young (6144K), 6 survivors (6144K)
 Metaspace       used 65603K, committed 67136K, reserved 1114112K
  class space    used 9240K, committed 9984K, reserved 1048576K
}
Event: 13.694 GC heap before
{Heap before GC invocations=47 (full 0):
 garbage-first heap   total 177152K, used 159644K [0x0000000080000000, 0x0000000100000000)
  region size 1024K, 85 young (87040K), 6 survivors (6144K)
 Metaspace       used 65895K, committed 67456K, reserved 1114112K
  class space    used 9272K, committed 10048K, reserved 1048576K
}
Event: 13.699 GC heap after
{Heap after GC invocations=48 (full 0):
 garbage-first heap   total 177152K, used 80298K [0x0000000080000000, 0x0000000100000000)
  region size 1024K, 8 young (8192K), 8 survivors (8192K)
 Metaspace       used 65895K, committed 67456K, reserved 1114112K
  class space    used 9272K, committed 10048K, reserved 1048576K
}
Event: 13.900 GC heap before
{Heap before GC invocations=48 (full 0):
 garbage-first heap   total 177152K, used 157098K [0x0000000080000000, 0x0000000100000000)
  region size 1024K, 83 young (84992K), 8 survivors (8192K)
 Metaspace       used 66030K, committed 67584K, reserved 1114112K
  class space    used 9283K, committed 10048K, reserved 1048576K
}
Event: 13.907 GC heap after
{Heap after GC invocations=49 (full 0):
 garbage-first heap   total 177152K, used 82419K [0x0000000080000000, 0x0000000100000000)
  region size 1024K, 10 young (10240K), 10 survivors (10240K)
 Metaspace       used 66030K, committed 67584K, reserved 1114112K
  class space    used 9283K, committed 10048K, reserved 1048576K
}
Event: 14.170 GC heap before
{Heap before GC invocations=49 (full 0):
 garbage-first heap   total 177152K, used 154099K [0x0000000080000000, 0x0000000100000000)
  region size 1024K, 81 young (82944K), 10 survivors (10240K)
 Metaspace       used 66030K, committed 67584K, reserved 1114112K
  class space    used 9283K, committed 10048K, reserved 1048576K
}
Event: 14.180 GC heap after
{Heap after GC invocations=50 (full 0):
 garbage-first heap   total 212992K, used 86823K [0x0000000080000000, 0x0000000100000000)
  region size 1024K, 10 young (10240K), 10 survivors (10240K)
 Metaspace       used 66030K, committed 67584K, reserved 1114112K
  class space    used 9283K, committed 10048K, reserved 1048576K
}
Event: 14.467 GC heap before
{Heap before GC invocations=51 (full 0):
 garbage-first heap   total 212992K, used 190247K [0x0000000080000000, 0x0000000100000000)
  region size 1024K, 111 young (113664K), 10 survivors (10240K)
 Metaspace       used 66030K, committed 67584K, reserved 1114112K
  class space    used 9283K, committed 10048K, reserved 1048576K
}
Event: 14.473 GC heap after
{Heap after GC invocations=52 (full 0):
 garbage-first heap   total 212992K, used 91706K [0x0000000080000000, 0x0000000100000000)
  region size 1024K, 13 young (13312K), 13 survivors (13312K)
 Metaspace       used 66030K, committed 67584K, reserved 1114112K
  class space    used 9283K, committed 10048K, reserved 1048576K
}
Event: 14.659 GC heap before
{Heap before GC invocations=52 (full 0):
 garbage-first heap   total 212992K, used 186938K [0x0000000080000000, 0x0000000100000000)
  region size 1024K, 106 young (108544K), 13 survivors (13312K)
 Metaspace       used 66033K, committed 67584K, reserved 1114112K
  class space    used 9283K, committed 10048K, reserved 1048576K
}
Event: 14.664 GC heap after
{Heap after GC invocations=53 (full 0):
 garbage-first heap   total 212992K, used 96749K [0x0000000080000000, 0x0000000100000000)
  region size 1024K, 10 young (10240K), 10 survivors (10240K)
 Metaspace       used 66033K, committed 67584K, reserved 1114112K
  class space    used 9283K, committed 10048K, reserved 1048576K
}
Event: 15.311 GC heap before
{Heap before GC invocations=54 (full 0):
 garbage-first heap   total 212992K, used 195053K [0x0000000080000000, 0x0000000100000000)
  region size 1024K, 102 young (104448K), 10 survivors (10240K)
 Metaspace       used 66119K, committed 67712K, reserved 1114112K
  class space    used 9281K, committed 10048K, reserved 1048576K
}
Event: 15.344 GC heap after
{Heap after GC invocations=55 (full 0):
 garbage-first heap   total 248832K, used 143645K [0x0000000080000000, 0x0000000100000000)
  region size 1024K, 13 young (13312K), 13 survivors (13312K)
 Metaspace       used 66119K, committed 67712K, reserved 1114112K
  class space    used 9281K, committed 10048K, reserved 1048576K
}
Event: 15.806 GC heap before
{Heap before GC invocations=55 (full 0):
 garbage-first heap   total 248832K, used 207133K [0x0000000080000000, 0x0000000100000000)
  region size 1024K, 74 young (75776K), 13 survivors (13312K)
 Metaspace       used 66174K, committed 67712K, reserved 1114112K
  class space    used 9282K, committed 10048K, reserved 1048576K
}
Event: 15.837 GC heap after
{Heap after GC invocations=56 (full 0):
 garbage-first heap   total 251904K, used 174592K [0x0000000080000000, 0x0000000100000000)
  region size 1024K, 10 young (10240K), 10 survivors (10240K)
 Metaspace       used 66174K, committed 67712K, reserved 1114112K
  class space    used 9282K, committed 10048K, reserved 1048576K
}
Event: 15.933 GC heap before
{Heap before GC invocations=56 (full 0):
 garbage-first heap   total 251904K, used 206336K [0x0000000080000000, 0x0000000100000000)
  region size 1024K, 43 young (44032K), 10 survivors (10240K)
 Metaspace       used 66220K, committed 67776K, reserved 1114112K
  class space    used 9282K, committed 10048K, reserved 1048576K
}
Event: 15.953 GC heap after
{Heap after GC invocations=57 (full 0):
 garbage-first heap   total 251904K, used 193536K [0x0000000080000000, 0x0000000100000000)
  region size 1024K, 7 young (7168K), 7 survivors (7168K)
 Metaspace       used 66220K, committed 67776K, reserved 1114112K
  class space    used 9282K, committed 10048K, reserved 1048576K
}
Event: 16.000 GC heap before
{Heap before GC invocations=57 (full 0):
 garbage-first heap   total 251904K, used 223232K [0x0000000080000000, 0x0000000100000000)
  region size 1024K, 34 young (34816K), 7 survivors (7168K)
 Metaspace       used 66221K, committed 67776K, reserved 1114112K
  class space    used 9282K, committed 10048K, reserved 1048576K
}

