# JRE version: OpenJDK Runtime Environment (21.0.8) (build 21.0.8+-14018985-b1038.68)
# Java VM: OpenJDK 64-Bit Server VM (21.0.8+-14018985-b1038.68, mixed mode, tiered, compressed oops, compressed class ptrs, g1 gc, windows-amd64)
GC Precious Log:
 CardTable entry size: 512
 Card Set container configuration: InlinePtr #cards 5 size 8 Array Of Cards #cards 12 size 40 Howl #buckets 4 coarsen threshold 1843 Howl Bitmap #cards 512 size 80 coarsen threshold 460 Card regions per heap region 1 cards per card region 2048
 CPUs: 8 total, 8 available
 Memory: 7975M
 Large Page Support: Disabled
 NUMA Support: Disabled
 Compressed Oops: Enabled (32-bit)
 Heap Region Size: 1M
 Heap Min Capacity: 8M
 Heap Initial Capacity: 126M
 Heap Max Capacity: 2G
 Pre-touch: Disabled
 Parallel Workers: 8
 Concurrent Workers: 2
 Concurrent Refinement Workers: 8
 Periodic GC: Disabled
Heap:
 garbage-first heap   total 150528K, used 98931K [0x0000000080000000, 0x0000000100000000)
  region size 1024K, 21 young (21504K), 8 survivors (8192K)
 Metaspace       used 63891K, committed 65280K, reserved 1114112K
  class space    used 9066K, committed 9728K, reserved 1048576K
GC Heap History (20 events):
Event: 6.819 GC heap before
{Heap before GC invocations=13 (full 0):
 garbage-first heap   total 107520K, used 83214K [0x0000000080000000, 0x0000000100000000)
  region size 1024K, 23 young (23552K), 3 survivors (3072K)
 Metaspace       used 46332K, committed 47232K, reserved 1114112K
  class space    used 6382K, committed 6784K, reserved 1048576K
}
Event: 6.823 GC heap after
{Heap after GC invocations=14 (full 0):
 garbage-first heap   total 107520K, used 66278K [0x0000000080000000, 0x0000000100000000)
  region size 1024K, 3 young (3072K), 3 survivors (3072K)
 Metaspace       used 46332K, committed 47232K, reserved 1114112K
  class space    used 6382K, committed 6784K, reserved 1048576K
}
Event: 7.144 GC heap before
{Heap before GC invocations=14 (full 0):
 garbage-first heap   total 107520K, used 99046K [0x0000000080000000, 0x0000000100000000)
  region size 1024K, 31 young (31744K), 3 survivors (3072K)
 Metaspace       used 49486K, committed 50496K, reserved 1114112K
  class space    used 6743K, committed 7232K, reserved 1048576K
}
Event: 7.148 GC heap after
{Heap after GC invocations=15 (full 0):
 garbage-first heap   total 107520K, used 67649K [0x0000000080000000, 0x0000000100000000)
  region size 1024K, 3 young (3072K), 3 survivors (3072K)
 Metaspace       used 49486K, committed 50496K, reserved 1114112K
  class space    used 6743K, committed 7232K, reserved 1048576K
}
Event: 7.470 GC heap before
{Heap before GC invocations=15 (full 0):
 garbage-first heap   total 107520K, used 95297K [0x0000000080000000, 0x0000000100000000)
  region size 1024K, 31 young (31744K), 3 survivors (3072K)
 Metaspace       used 51932K, committed 52928K, reserved 1114112K
  class space    used 7176K, committed 7680K, reserved 1048576K
}
Event: 7.474 GC heap after
{Heap after GC invocations=16 (full 0):
 garbage-first heap   total 107520K, used 69242K [0x0000000080000000, 0x0000000100000000)
  region size 1024K, 2 young (2048K), 2 survivors (2048K)
 Metaspace       used 51932K, committed 52928K, reserved 1114112K
  class space    used 7176K, committed 7680K, reserved 1048576K
}
Event: 7.839 GC heap before
{Heap before GC invocations=17 (full 0):
 garbage-first heap   total 116736K, used 97914K [0x0000000080000000, 0x0000000100000000)
  region size 1024K, 30 young (30720K), 2 survivors (2048K)
 Metaspace       used 54530K, committed 55616K, reserved 1114112K
  class space    used 7494K, committed 8000K, reserved 1048576K
}
Event: 7.842 GC heap after
{Heap after GC invocations=18 (full 0):
 garbage-first heap   total 116736K, used 70869K [0x0000000080000000, 0x0000000100000000)
  region size 1024K, 4 young (4096K), 4 survivors (4096K)
 Metaspace       used 54530K, committed 55616K, reserved 1114112K
  class space    used 7494K, committed 8000K, reserved 1048576K
}
Event: 8.313 GC heap before
{Heap before GC invocations=18 (full 0):
 garbage-first heap   total 116736K, used 104661K [0x0000000080000000, 0x0000000100000000)
  region size 1024K, 37 young (37888K), 4 survivors (4096K)
 Metaspace       used 58313K, committed 59584K, reserved 1114112K
  class space    used 8109K, committed 8704K, reserved 1048576K
}
Event: 8.317 GC heap after
{Heap after GC invocations=19 (full 0):
 garbage-first heap   total 116736K, used 72525K [0x0000000080000000, 0x0000000100000000)
  region size 1024K, 4 young (4096K), 4 survivors (4096K)
 Metaspace       used 58313K, committed 59584K, reserved 1114112K
  class space    used 8109K, committed 8704K, reserved 1048576K
}
Event: 8.696 GC heap before
{Heap before GC invocations=19 (full 0):
 garbage-first heap   total 116736K, used 104269K [0x0000000080000000, 0x0000000100000000)
  region size 1024K, 35 young (35840K), 4 survivors (4096K)
 Metaspace       used 62305K, committed 63680K, reserved 1114112K
  class space    used 8774K, committed 9408K, reserved 1048576K
}
Event: 8.700 GC heap after
{Heap after GC invocations=20 (full 0):
 garbage-first heap   total 116736K, used 73994K [0x0000000080000000, 0x0000000100000000)
  region size 1024K, 4 young (4096K), 4 survivors (4096K)
 Metaspace       used 62305K, committed 63680K, reserved 1114112K
  class space    used 8774K, committed 9408K, reserved 1048576K
}
Event: 8.971 GC heap before
{Heap before GC invocations=21 (full 0):
 garbage-first heap   total 124928K, used 104714K [0x0000000080000000, 0x0000000100000000)
  region size 1024K, 34 young (34816K), 4 survivors (4096K)
 Metaspace       used 63601K, committed 65024K, reserved 1114112K
  class space    used 9018K, committed 9664K, reserved 1048576K
}
Event: 8.975 GC heap after
{Heap after GC invocations=22 (full 0):
 garbage-first heap   total 124928K, used 75435K [0x0000000080000000, 0x0000000100000000)
  region size 1024K, 3 young (3072K), 3 survivors (3072K)
 Metaspace       used 63601K, committed 65024K, reserved 1114112K
  class space    used 9018K, committed 9664K, reserved 1048576K
}
Event: 9.127 GC heap before
{Heap before GC invocations=22 (full 0):
 garbage-first heap   total 124928K, used 114347K [0x0000000080000000, 0x0000000100000000)
  region size 1024K, 41 young (41984K), 3 survivors (3072K)
 Metaspace       used 63635K, committed 65024K, reserved 1114112K
  class space    used 9028K, committed 9664K, reserved 1048576K
}
Event: 9.131 GC heap after
{Heap after GC invocations=23 (full 0):
 garbage-first heap   total 124928K, used 76778K [0x0000000080000000, 0x0000000100000000)
  region size 1024K, 5 young (5120K), 5 survivors (5120K)
 Metaspace       used 63635K, committed 65024K, reserved 1114112K
  class space    used 9028K, committed 9664K, reserved 1048576K
}
Event: 9.273 GC heap before
{Heap before GC invocations=23 (full 0):
 garbage-first heap   total 124928K, used 111594K [0x0000000080000000, 0x0000000100000000)
  region size 1024K, 39 young (39936K), 5 survivors (5120K)
 Metaspace       used 63635K, committed 65024K, reserved 1114112K
  class space    used 9028K, committed 9664K, reserved 1048576K
}
Event: 9.278 GC heap after
{Heap after GC invocations=24 (full 0):
 garbage-first heap   total 150528K, used 78696K [0x0000000080000000, 0x0000000100000000)
  region size 1024K, 4 young (4096K), 4 survivors (4096K)
 Metaspace       used 63635K, committed 65024K, reserved 1114112K
  class space    used 9028K, committed 9664K, reserved 1048576K
}
Event: 9.531 GC heap before
{Heap before GC invocations=25 (full 0):
 garbage-first heap   total 150528K, used 137064K [0x0000000080000000, 0x0000000100000000)
  region size 1024K, 61 young (62464K), 4 survivors (4096K)
 Metaspace       used 63628K, committed 65024K, reserved 1114112K
  class space    used 9025K, committed 9664K, reserved 1048576K
}
Event: 9.536 GC heap after
{Heap after GC invocations=26 (full 0):
 garbage-first heap   total 150528K, used 86643K [0x0000000080000000, 0x0000000100000000)
  region size 1024K, 8 young (8192K), 8 survivors (8192K)
 Metaspace       used 63628K, committed 65024K, reserved 1114112K
  class space    used 9025K, committed 9664K, reserved 1048576K
}

