# JRE version: Java(TM) SE Runtime Environment (23.0.1+11) (build 23.0.1+11-39)
# Java VM: Java HotSpot(TM) 64-Bit Server VM (23.0.1+11-39, mixed mode, sharing, tiered, compressed oops, compressed class ptrs, g1 gc, windows-amd64)
GC Precious Log:
 CardTable entry size: 512
 Card Set container configuration: InlinePtr #cards 5 size 8 Array Of Cards #cards 10 size 36 Howl #buckets 4 coarsen threshold 1843 Howl Bitmap #cards 512 size 80 coarsen threshold 460 Card regions per heap region 1 cards per card region 2048
 CPUs: 8 total, 8 available
 Memory: 7975M
 Large Page Support: Disabled
 NUMA Support: Disabled
 Compressed Oops: Enabled (32-bit)
 Heap Region Size: 1M
 Heap Min Capacity: 8M
 Heap Initial Capacity: 126M
 Heap Max Capacity: 2G
 Pre-touch: Disabled
 Parallel Workers: 8
 Concurrent Workers: 2
 Concurrent Refinement Workers: 8
 Periodic GC: Disabled
Heap:
 garbage-first heap   total reserved 2097152K, committed 280576K, used 212992K [0x0000000080000000, 0x0000000100000000)
  region size 1024K, 5 young (5120K), 5 survivors (5120K)
 Metaspace       used 53363K, committed 55040K, reserved 1114112K
  class space    used 7796K, committed 8576K, reserved 1048576K
GC Heap History (20 events):
Event: 47.895 GC heap after
{Heap after GC invocations=47 (full 0):
 garbage-first heap   total reserved 2097152K, committed 201728K, used 95364K [0x0000000080000000, 0x0000000100000000)
  region size 1024K, 3 young (3072K), 3 survivors (3072K)
 Metaspace       used 52610K, committed 54208K, reserved 1114112K
  class space    used 7751K, committed 8512K, reserved 1048576K
}
Event: 47.979 GC heap before
{Heap before GC invocations=47 (full 0):
 garbage-first heap   total reserved 2097152K, committed 201728K, used 144516K [0x0000000080000000, 0x0000000100000000)
  region size 1024K, 52 young (53248K), 3 survivors (3072K)
 Metaspace       used 52645K, committed 54272K, reserved 1114112K
  class space    used 7754K, committed 8512K, reserved 1048576K
}
Event: 47.980 GC heap after
{Heap after GC invocations=48 (full 0):
 garbage-first heap   total reserved 2097152K, committed 242688K, used 91149K [0x0000000080000000, 0x0000000100000000)
  region size 1024K, 1 young (1024K), 1 survivors (1024K)
 Metaspace       used 52645K, committed 54272K, reserved 1114112K
  class space    used 7754K, committed 8512K, reserved 1048576K
}
Event: 48.427 GC heap before
{Heap before GC invocations=49 (full 0):
 garbage-first heap   total reserved 2097152K, committed 242688K, used 214029K [0x0000000080000000, 0x0000000100000000)
  region size 1024K, 119 young (121856K), 1 survivors (1024K)
 Metaspace       used 52908K, committed 54592K, reserved 1114112K
  class space    used 7773K, committed 8576K, reserved 1048576K
}
Event: 48.433 GC heap after
{Heap after GC invocations=50 (full 0):
 garbage-first heap   total reserved 2097152K, committed 242688K, used 96876K [0x0000000080000000, 0x0000000100000000)
  region size 1024K, 5 young (5120K), 5 survivors (5120K)
 Metaspace       used 52908K, committed 54592K, reserved 1114112K
  class space    used 7773K, committed 8576K, reserved 1048576K
}
Event: 48.960 GC heap before
{Heap before GC invocations=50 (full 0):
 garbage-first heap   total reserved 2097152K, committed 242688K, used 208492K [0x0000000080000000, 0x0000000100000000)
  region size 1024K, 114 young (116736K), 5 survivors (5120K)
 Metaspace       used 53183K, committed 54848K, reserved 1114112K
  class space    used 7803K, committed 8576K, reserved 1048576K
}
Event: 48.966 GC heap after
{Heap after GC invocations=51 (full 0):
 garbage-first heap   total reserved 2097152K, committed 242688K, used 100807K [0x0000000080000000, 0x0000000100000000)
  region size 1024K, 9 young (9216K), 9 survivors (9216K)
 Metaspace       used 53183K, committed 54848K, reserved 1114112K
  class space    used 7803K, committed 8576K, reserved 1048576K
}
Event: 49.153 GC heap before
{Heap before GC invocations=51 (full 0):
 garbage-first heap   total reserved 2097152K, committed 242688K, used 214471K [0x0000000080000000, 0x0000000100000000)
  region size 1024K, 120 young (122880K), 9 survivors (9216K)
 Metaspace       used 53186K, committed 54848K, reserved 1114112K
  class space    used 7803K, committed 8576K, reserved 1048576K
}
Event: 49.159 GC heap after
{Heap after GC invocations=52 (full 0):
 garbage-first heap   total reserved 2097152K, committed 242688K, used 107238K [0x0000000080000000, 0x0000000100000000)
  region size 1024K, 12 young (12288K), 12 survivors (12288K)
 Metaspace       used 53186K, committed 54848K, reserved 1114112K
  class space    used 7803K, committed 8576K, reserved 1048576K
}
Event: 49.329 GC heap before
{Heap before GC invocations=53 (full 0):
 garbage-first heap   total reserved 2097152K, committed 242688K, used 215782K [0x0000000080000000, 0x0000000100000000)
  region size 1024K, 118 young (120832K), 12 survivors (12288K)
 Metaspace       used 53187K, committed 54848K, reserved 1114112K
  class space    used 7803K, committed 8576K, reserved 1048576K
}
Event: 49.335 GC heap after
{Heap after GC invocations=54 (full 0):
 garbage-first heap   total reserved 2097152K, committed 242688K, used 111981K [0x0000000080000000, 0x0000000100000000)
  region size 1024K, 11 young (11264K), 11 survivors (11264K)
 Metaspace       used 53187K, committed 54848K, reserved 1114112K
  class space    used 7803K, committed 8576K, reserved 1048576K
}
Event: 49.672 GC heap before
{Heap before GC invocations=54 (full 0):
 garbage-first heap   total reserved 2097152K, committed 242688K, used 220525K [0x0000000080000000, 0x0000000100000000)
  region size 1024K, 114 young (116736K), 11 survivors (11264K)
 Metaspace       used 53257K, committed 54912K, reserved 1114112K
  class space    used 7804K, committed 8576K, reserved 1048576K
}
Event: 49.700 GC heap after
{Heap after GC invocations=55 (full 0):
 garbage-first heap   total reserved 2097152K, committed 278528K, used 159744K [0x0000000080000000, 0x0000000100000000)
  region size 1024K, 15 young (15360K), 15 survivors (15360K)
 Metaspace       used 53257K, committed 54912K, reserved 1114112K
  class space    used 7804K, committed 8576K, reserved 1048576K
}
Event: 49.711 GC heap before
{Heap before GC invocations=55 (full 0):
 garbage-first heap   total reserved 2097152K, committed 278528K, used 164864K [0x0000000080000000, 0x0000000100000000)
  region size 1024K, 21 young (21504K), 15 survivors (15360K)
 Metaspace       used 53257K, committed 54912K, reserved 1114112K
  class space    used 7804K, committed 8576K, reserved 1048576K
}
Event: 49.722 GC heap after
{Heap after GC invocations=56 (full 0):
 garbage-first heap   total reserved 2097152K, committed 278528K, used 168800K [0x0000000080000000, 0x0000000100000000)
  region size 1024K, 7 young (7168K), 7 survivors (7168K)
 Metaspace       used 53257K, committed 54912K, reserved 1114112K
  class space    used 7804K, committed 8576K, reserved 1048576K
}
Event: 49.922 GC heap before
{Heap before GC invocations=57 (full 0):
 garbage-first heap   total reserved 2097152K, committed 280576K, used 211808K [0x0000000080000000, 0x0000000100000000)
  region size 1024K, 52 young (53248K), 7 survivors (7168K)
 Metaspace       used 53280K, committed 54912K, reserved 1114112K
  class space    used 7796K, committed 8576K, reserved 1048576K
}
Event: 49.943 GC heap after
{Heap after GC invocations=58 (full 0):
 garbage-first heap   total reserved 2097152K, committed 280576K, used 192000K [0x0000000080000000, 0x0000000100000000)
  region size 1024K, 7 young (7168K), 7 survivors (7168K)
 Metaspace       used 53280K, committed 54912K, reserved 1114112K
  class space    used 7796K, committed 8576K, reserved 1048576K
}
Event: 50.087 GC heap before
{Heap before GC invocations=58 (full 0):
 garbage-first heap   total reserved 2097152K, committed 280576K, used 230912K [0x0000000080000000, 0x0000000100000000)
  region size 1024K, 44 young (45056K), 7 survivors (7168K)
 Metaspace       used 53330K, committed 54976K, reserved 1114112K
  class space    used 7796K, committed 8576K, reserved 1048576K
}
Event: 50.102 GC heap after
{Heap after GC invocations=59 (full 0):
 garbage-first heap   total reserved 2097152K, committed 280576K, used 204800K [0x0000000080000000, 0x0000000100000000)
  region size 1024K, 6 young (6144K), 6 survivors (6144K)
 Metaspace       used 53330K, committed 54976K, reserved 1114112K
  class space    used 7796K, committed 8576K, reserved 1048576K
}
Event: 50.187 GC heap before
{Heap before GC invocations=59 (full 0):
 garbage-first heap   total reserved 2097152K, committed 280576K, used 238592K [0x0000000080000000, 0x0000000100000000)
  region size 1024K, 40 young (40960K), 6 survivors (6144K)
 Metaspace       used 53363K, committed 55040K, reserved 1114112K
  class space    used 7796K, committed 8576K, reserved 1048576K
}

